{"/Users/anmar/Desktop/Categories/Javascript_Web_Mobile_Desktop/microservices/BackendServices/AuthenticationService/index.js": {"path":"/Users/anmar/Desktop/Categories/Javascript_Web_Mobile_Desktop/microservices/BackendServices/AuthenticationService/index.js","statementMap":{"0":{"start":{"line":17,"column":0},"end":{"line":17,"column":26}},"1":{"start":{"line":18,"column":0},"end":{"line":18,"column":26}},"2":{"start":{"line":20,"column":16},"end":{"line":20,"column":34}},"3":{"start":{"line":22,"column":12},"end":{"line":22,"column":21}},"4":{"start":{"line":24,"column":24},"end":{"line":24,"column":50}},"5":{"start":{"line":26,"column":21},"end":{"line":26,"column":56}},"6":{"start":{"line":27,"column":19},"end":{"line":27,"column":52}},"7":{"start":{"line":29,"column":22},"end":{"line":29,"column":56}},"8":{"start":{"line":31,"column":0},"end":{"line":35,"column":4}},"9":{"start":{"line":37,"column":0},"end":{"line":37,"column":35}},"10":{"start":{"line":39,"column":13},"end":{"line":39,"column":37}},"11":{"start":{"line":40,"column":12},"end":{"line":40,"column":40}},"12":{"start":{"line":42,"column":0},"end":{"line":44,"column":2}},"13":{"start":{"line":43,"column":2},"end":{"line":43,"column":70}}},"fnMap":{"0":{"name":"(anonymous_0)","decl":{"start":{"line":42,"column":17},"end":{"line":42,"column":18}},"loc":{"start":{"line":42,"column":23},"end":{"line":44,"column":1}},"line":42}},"branchMap":{"0":{"loc":{"start":{"line":34,"column":12},"end":{"line":34,"column":35}},"type":"binary-expr","locations":[{"start":{"line":34,"column":12},"end":{"line":34,"column":27}},{"start":{"line":34,"column":31},"end":{"line":34,"column":35}}],"line":34},"1":{"loc":{"start":{"line":39,"column":13},"end":{"line":39,"column":37}},"type":"binary-expr","locations":[{"start":{"line":39,"column":13},"end":{"line":39,"column":29}},{"start":{"line":39,"column":33},"end":{"line":39,"column":37}}],"line":39},"2":{"loc":{"start":{"line":40,"column":12},"end":{"line":40,"column":40}},"type":"binary-expr","locations":[{"start":{"line":40,"column":12},"end":{"line":40,"column":27}},{"start":{"line":40,"column":31},"end":{"line":40,"column":40}}],"line":40}},"s":{"0":1,"1":1,"2":1,"3":1,"4":1,"5":1,"6":1,"7":1,"8":1,"9":1,"10":1,"11":1,"12":1,"13":0},"f":{"0":0},"b":{"0":[1,1],"1":[1,1],"2":[1,1]},"_coverageSchema":"1a1c01bbd47fc00a2c39e90264f33305004495a9","hash":"55408252d835e2e4654ae03c1243a2201426ac49"}
,"/Users/anmar/Desktop/Categories/Javascript_Web_Mobile_Desktop/microservices/BackendServices/AuthenticationService/controllers/product.controller.js": {"path":"/Users/anmar/Desktop/Categories/Javascript_Web_Mobile_Desktop/microservices/BackendServices/AuthenticationService/controllers/product.controller.js","statementMap":{"0":{"start":{"line":1,"column":14},"end":{"line":1,"column":30}},"1":{"start":{"line":3,"column":20},"end":{"line":8,"column":1}},"2":{"start":{"line":4,"column":4},"end":{"line":4,"column":72}},"3":{"start":{"line":5,"column":4},"end":{"line":7,"column":6}},"4":{"start":{"line":9,"column":22},"end":{"line":14,"column":1}},"5":{"start":{"line":10,"column":4},"end":{"line":10,"column":90}},"6":{"start":{"line":11,"column":4},"end":{"line":13,"column":6}},"7":{"start":{"line":15,"column":22},"end":{"line":20,"column":1}},"8":{"start":{"line":16,"column":4},"end":{"line":16,"column":105}},"9":{"start":{"line":17,"column":4},"end":{"line":19,"column":6}},"10":{"start":{"line":21,"column":22},"end":{"line":26,"column":1}},"11":{"start":{"line":22,"column":4},"end":{"line":22,"column":98}},"12":{"start":{"line":23,"column":4},"end":{"line":25,"column":6}},"13":{"start":{"line":28,"column":0},"end":{"line":33,"column":1}}},"fnMap":{"0":{"name":"(anonymous_0)","decl":{"start":{"line":3,"column":20},"end":{"line":3,"column":21}},"loc":{"start":{"line":3,"column":40},"end":{"line":8,"column":1}},"line":3},"1":{"name":"(anonymous_1)","decl":{"start":{"line":9,"column":22},"end":{"line":9,"column":23}},"loc":{"start":{"line":9,"column":42},"end":{"line":14,"column":1}},"line":9},"2":{"name":"(anonymous_2)","decl":{"start":{"line":15,"column":22},"end":{"line":15,"column":23}},"loc":{"start":{"line":15,"column":42},"end":{"line":20,"column":1}},"line":15},"3":{"name":"(anonymous_3)","decl":{"start":{"line":21,"column":22},"end":{"line":21,"column":23}},"loc":{"start":{"line":21,"column":42},"end":{"line":26,"column":1}},"line":21}},"branchMap":{},"s":{"0":1,"1":1,"2":0,"3":0,"4":1,"5":0,"6":0,"7":1,"8":0,"9":0,"10":1,"11":0,"12":0,"13":1},"f":{"0":0,"1":0,"2":0,"3":0},"b":{},"_coverageSchema":"1a1c01bbd47fc00a2c39e90264f33305004495a9","hash":"caee82e5b61163939cec42361059d0e2f190e359"}
,"/Users/anmar/Desktop/Categories/Javascript_Web_Mobile_Desktop/microservices/BackendServices/AuthenticationService/controllers/user.controller.js": {"path":"/Users/anmar/Desktop/Categories/Javascript_Web_Mobile_Desktop/microservices/BackendServices/AuthenticationService/controllers/user.controller.js","statementMap":{"0":{"start":{"line":1,"column":13},"end":{"line":1,"column":44}},"1":{"start":{"line":2,"column":20},"end":{"line":2,"column":52}},"2":{"start":{"line":3,"column":20},"end":{"line":3,"column":52}},"3":{"start":{"line":5,"column":14},"end":{"line":14,"column":1}},"4":{"start":{"line":6,"column":17},"end":{"line":6,"column":57}},"5":{"start":{"line":8,"column":16},"end":{"line":8,"column":20}},"6":{"start":{"line":9,"column":4},"end":{"line":11,"column":5}},"7":{"start":{"line":10,"column":8},"end":{"line":10,"column":97}},"8":{"start":{"line":13,"column":4},"end":{"line":13,"column":16}},"9":{"start":{"line":16,"column":17},"end":{"line":25,"column":1}},"10":{"start":{"line":17,"column":20},"end":{"line":17,"column":52}},"11":{"start":{"line":19,"column":16},"end":{"line":19,"column":20}},"12":{"start":{"line":20,"column":4},"end":{"line":22,"column":7}},"13":{"start":{"line":21,"column":8},"end":{"line":21,"column":28}},"14":{"start":{"line":21,"column":17},"end":{"line":21,"column":28}},"15":{"start":{"line":23,"column":4},"end":{"line":23,"column":102}},"16":{"start":{"line":24,"column":4},"end":{"line":24,"column":16}},"17":{"start":{"line":27,"column":22},"end":{"line":35,"column":1}},"18":{"start":{"line":28,"column":4},"end":{"line":28,"column":35}},"19":{"start":{"line":29,"column":4},"end":{"line":29,"column":25}},"20":{"start":{"line":29,"column":14},"end":{"line":29,"column":25}},"21":{"start":{"line":30,"column":4},"end":{"line":34,"column":5}},"22":{"start":{"line":37,"column":0},"end":{"line":41,"column":1}}},"fnMap":{"0":{"name":"(anonymous_0)","decl":{"start":{"line":5,"column":14},"end":{"line":5,"column":15}},"loc":{"start":{"line":5,"column":43},"end":{"line":14,"column":1}},"line":5},"1":{"name":"(anonymous_1)","decl":{"start":{"line":16,"column":17},"end":{"line":16,"column":18}},"loc":{"start":{"line":16,"column":47},"end":{"line":25,"column":1}},"line":16},"2":{"name":"(anonymous_2)","decl":{"start":{"line":20,"column":17},"end":{"line":20,"column":18}},"loc":{"start":{"line":20,"column":26},"end":{"line":22,"column":5}},"line":20},"3":{"name":"(anonymous_3)","decl":{"start":{"line":27,"column":22},"end":{"line":27,"column":23}},"loc":{"start":{"line":27,"column":38},"end":{"line":35,"column":1}},"line":27}},"branchMap":{"0":{"loc":{"start":{"line":9,"column":4},"end":{"line":11,"column":5}},"type":"if","locations":[{"start":{"line":9,"column":4},"end":{"line":11,"column":5}},{"start":{},"end":{}}],"line":9},"1":{"loc":{"start":{"line":21,"column":8},"end":{"line":21,"column":28}},"type":"if","locations":[{"start":{"line":21,"column":8},"end":{"line":21,"column":28}},{"start":{},"end":{}}],"line":21},"2":{"loc":{"start":{"line":29,"column":4},"end":{"line":29,"column":25}},"type":"if","locations":[{"start":{"line":29,"column":4},"end":{"line":29,"column":25}},{"start":{},"end":{}}],"line":29}},"s":{"0":1,"1":1,"2":1,"3":1,"4":0,"5":0,"6":0,"7":0,"8":0,"9":1,"10":0,"11":0,"12":0,"13":0,"14":0,"15":0,"16":0,"17":1,"18":0,"19":0,"20":0,"21":0,"22":1},"f":{"0":0,"1":0,"2":0,"3":0},"b":{"0":[0,0],"1":[0,0],"2":[0,0]},"_coverageSchema":"1a1c01bbd47fc00a2c39e90264f33305004495a9","hash":"877e1cf1433b4fd4ec3d9d69bcf8c7533a6ed0e7"}
,"/Users/anmar/Desktop/Categories/Javascript_Web_Mobile_Desktop/microservices/BackendServices/AuthenticationService/db/connection.js": {"path":"/Users/anmar/Desktop/Categories/Javascript_Web_Mobile_Desktop/microservices/BackendServices/AuthenticationService/db/connection.js","statementMap":{"0":{"start":{"line":1,"column":0},"end":{"line":1,"column":26}},"1":{"start":{"line":2,"column":17},"end":{"line":2,"column":36}},"2":{"start":{"line":5,"column":20},"end":{"line":5,"column":109}},"3":{"start":{"line":7,"column":0},"end":{"line":7,"column":83}},"4":{"start":{"line":8,"column":11},"end":{"line":8,"column":30}},"5":{"start":{"line":9,"column":0},"end":{"line":9,"column":73}},"6":{"start":{"line":11,"column":0},"end":{"line":11,"column":19}}},"fnMap":{},"branchMap":{"0":{"loc":{"start":{"line":5,"column":20},"end":{"line":5,"column":109}},"type":"binary-expr","locations":[{"start":{"line":5,"column":20},"end":{"line":5,"column":43}},{"start":{"line":5,"column":47},"end":{"line":5,"column":109}}],"line":5}},"s":{"0":1,"1":1,"2":1,"3":1,"4":1,"5":1,"6":1},"f":{},"b":{"0":[1,0]},"_coverageSchema":"1a1c01bbd47fc00a2c39e90264f33305004495a9","hash":"3bd31026d9280a77ff7687c93b033e4f669d5001"}
,"/Users/anmar/Desktop/Categories/Javascript_Web_Mobile_Desktop/microservices/BackendServices/AuthenticationService/graphql/index.resolver.js": {"path":"/Users/anmar/Desktop/Categories/Javascript_Web_Mobile_Desktop/microservices/BackendServices/AuthenticationService/graphql/index.resolver.js","statementMap":{"0":{"start":{"line":1,"column":21},"end":{"line":1,"column":57}},"1":{"start":{"line":3,"column":21},"end":{"line":5,"column":1}},"2":{"start":{"line":7,"column":0},"end":{"line":7,"column":29}}},"fnMap":{},"branchMap":{},"s":{"0":1,"1":1,"2":1},"f":{},"b":{},"_coverageSchema":"1a1c01bbd47fc00a2c39e90264f33305004495a9","hash":"5a2233bfec3ce5a87c6e2683857e027b1e746375"}
,"/Users/anmar/Desktop/Categories/Javascript_Web_Mobile_Desktop/microservices/BackendServices/AuthenticationService/graphql/index.schema.js": {"path":"/Users/anmar/Desktop/Categories/Javascript_Web_Mobile_Desktop/microservices/BackendServices/AuthenticationService/graphql/index.schema.js","statementMap":{"0":{"start":{"line":1,"column":18},"end":{"line":1,"column":46}},"1":{"start":{"line":2,"column":24},"end":{"line":2,"column":42}},"2":{"start":{"line":4,"column":19},"end":{"line":6,"column":2}},"3":{"start":{"line":8,"column":0},"end":{"line":8,"column":27}}},"fnMap":{},"branchMap":{},"s":{"0":1,"1":1,"2":1,"3":1},"f":{},"b":{},"_coverageSchema":"1a1c01bbd47fc00a2c39e90264f33305004495a9","hash":"317811396329a53b6bdda1e45a18544867fd17bf"}
,"/Users/anmar/Desktop/Categories/Javascript_Web_Mobile_Desktop/microservices/BackendServices/AuthenticationService/graphql/resolvers/user.resolver.js": {"path":"/Users/anmar/Desktop/Categories/Javascript_Web_Mobile_Desktop/microservices/BackendServices/AuthenticationService/graphql/resolvers/user.resolver.js","statementMap":{"0":{"start":{"line":1,"column":23},"end":{"line":1,"column":67}},"1":{"start":{"line":3,"column":17},"end":{"line":16,"column":1}},"2":{"start":{"line":6,"column":8},"end":{"line":6,"column":61}},"3":{"start":{"line":9,"column":8},"end":{"line":9,"column":56}},"4":{"start":{"line":14,"column":8},"end":{"line":14,"column":64}},"5":{"start":{"line":18,"column":0},"end":{"line":18,"column":25}}},"fnMap":{"0":{"name":"(anonymous_0)","decl":{"start":{"line":5,"column":11},"end":{"line":5,"column":12}},"loc":{"start":{"line":5,"column":43},"end":{"line":7,"column":5}},"line":5},"1":{"name":"(anonymous_1)","decl":{"start":{"line":8,"column":19},"end":{"line":8,"column":20}},"loc":{"start":{"line":8,"column":38},"end":{"line":10,"column":5}},"line":8},"2":{"name":"(anonymous_2)","decl":{"start":{"line":13,"column":14},"end":{"line":13,"column":15}},"loc":{"start":{"line":13,"column":46},"end":{"line":15,"column":5}},"line":13}},"branchMap":{},"s":{"0":1,"1":1,"2":0,"3":0,"4":0,"5":1},"f":{"0":0,"1":0,"2":0},"b":{},"_coverageSchema":"1a1c01bbd47fc00a2c39e90264f33305004495a9","hash":"984fc813af628e44e9f662b98ef5dca82db09c58"}
,"/Users/anmar/Desktop/Categories/Javascript_Web_Mobile_Desktop/microservices/BackendServices/AuthenticationService/graphql/types/user.type.js": {"path":"/Users/anmar/Desktop/Categories/Javascript_Web_Mobile_Desktop/microservices/BackendServices/AuthenticationService/graphql/types/user.type.js","statementMap":{"0":{"start":{"line":1,"column":18},"end":{"line":16,"column":1}},"1":{"start":{"line":17,"column":0},"end":{"line":17,"column":26}}},"fnMap":{},"branchMap":{},"s":{"0":1,"1":1},"f":{},"b":{},"_coverageSchema":"1a1c01bbd47fc00a2c39e90264f33305004495a9","hash":"a6d54e353c82ccf82d254faa80dc3f20cfa1f3c9"}
,"/Users/anmar/Desktop/Categories/Javascript_Web_Mobile_Desktop/microservices/BackendServices/AuthenticationService/models/user.model.js": {"path":"/Users/anmar/Desktop/Categories/Javascript_Web_Mobile_Desktop/microservices/BackendServices/AuthenticationService/models/user.model.js","statementMap":{"0":{"start":{"line":1,"column":17},"end":{"line":1,"column":36}},"1":{"start":{"line":3,"column":15},"end":{"line":3,"column":30}},"2":{"start":{"line":5,"column":19},"end":{"line":18,"column":2}},"3":{"start":{"line":20,"column":13},"end":{"line":20,"column":47}},"4":{"start":{"line":22,"column":0},"end":{"line":22,"column":21}}},"fnMap":{},"branchMap":{},"s":{"0":1,"1":1,"2":1,"3":1,"4":1},"f":{},"b":{},"_coverageSchema":"1a1c01bbd47fc00a2c39e90264f33305004495a9","hash":"b7595e7266c450126b9205ad4155de4e2a37b61b"}
,"/Users/anmar/Desktop/Categories/Javascript_Web_Mobile_Desktop/microservices/BackendServices/AuthenticationService/routes/product.routes.js": {"path":"/Users/anmar/Desktop/Categories/Javascript_Web_Mobile_Desktop/microservices/BackendServices/AuthenticationService/routes/product.routes.js","statementMap":{"0":{"start":{"line":1,"column":12},"end":{"line":1,"column":30}},"1":{"start":{"line":2,"column":26},"end":{"line":2,"column":73}},"2":{"start":{"line":3,"column":22},"end":{"line":3,"column":34}},"3":{"start":{"line":5,"column":0},"end":{"line":5,"column":53}},"4":{"start":{"line":6,"column":0},"end":{"line":6,"column":62}},"5":{"start":{"line":7,"column":0},"end":{"line":7,"column":65}},"6":{"start":{"line":8,"column":0},"end":{"line":8,"column":68}},"7":{"start":{"line":10,"column":0},"end":{"line":10,"column":30}}},"fnMap":{},"branchMap":{},"s":{"0":1,"1":1,"2":1,"3":1,"4":1,"5":1,"6":1,"7":1},"f":{},"b":{},"_coverageSchema":"1a1c01bbd47fc00a2c39e90264f33305004495a9","hash":"04b128e074996033a39de09bc04c5ad8312a9014"}
,"/Users/anmar/Desktop/Categories/Javascript_Web_Mobile_Desktop/microservices/BackendServices/AuthenticationService/utils/add-two-numbers.js": {"path":"/Users/anmar/Desktop/Categories/Javascript_Web_Mobile_Desktop/microservices/BackendServices/AuthenticationService/utils/add-two-numbers.js","statementMap":{"0":{"start":{"line":1,"column":0},"end":{"line":3,"column":1}},"1":{"start":{"line":2,"column":4},"end":{"line":2,"column":17}}},"fnMap":{"0":{"name":"addTwoNumbers","decl":{"start":{"line":1,"column":26},"end":{"line":1,"column":39}},"loc":{"start":{"line":1,"column":46},"end":{"line":3,"column":1}},"line":1}},"branchMap":{},"s":{"0":1,"1":1},"f":{"0":1},"b":{},"_coverageSchema":"1a1c01bbd47fc00a2c39e90264f33305004495a9","hash":"e41e9ee4d6f2a65d48eae9bba7ce8b553270095f"}
,"/Users/anmar/Desktop/Categories/Javascript_Web_Mobile_Desktop/microservices/BackendServices/AuthenticationService/utils/decode-token.js": {"path":"/Users/anmar/Desktop/Categories/Javascript_Web_Mobile_Desktop/microservices/BackendServices/AuthenticationService/utils/decode-token.js","statementMap":{"0":{"start":{"line":1,"column":13},"end":{"line":1,"column":28}},"1":{"start":{"line":3,"column":15},"end":{"line":5,"column":1}},"2":{"start":{"line":7,"column":15},"end":{"line":10,"column":1}},"3":{"start":{"line":8,"column":41},"end":{"line":8,"column":76}},"4":{"start":{"line":9,"column":4},"end":{"line":9,"column":18}},"5":{"start":{"line":12,"column":0},"end":{"line":12,"column":23}}},"fnMap":{"0":{"name":"(anonymous_0)","decl":{"start":{"line":7,"column":15},"end":{"line":7,"column":16}},"loc":{"start":{"line":7,"column":31},"end":{"line":10,"column":1}},"line":7}},"branchMap":{},"s":{"0":1,"1":1,"2":1,"3":0,"4":0,"5":1},"f":{"0":0},"b":{},"_coverageSchema":"1a1c01bbd47fc00a2c39e90264f33305004495a9","hash":"2a598b967a58c945eb793ed72153693817c66758"}
,"/Users/anmar/Desktop/Categories/Javascript_Web_Mobile_Desktop/microservices/BackendServices/AuthenticationService/utils/encode-token.js": {"path":"/Users/anmar/Desktop/Categories/Javascript_Web_Mobile_Desktop/microservices/BackendServices/AuthenticationService/utils/encode-token.js","statementMap":{"0":{"start":{"line":1,"column":13},"end":{"line":1,"column":28}},"1":{"start":{"line":3,"column":15},"end":{"line":5,"column":1}},"2":{"start":{"line":6,"column":12},"end":{"line":6,"column":19}},"3":{"start":{"line":8,"column":15},"end":{"line":13,"column":1}},"4":{"start":{"line":9,"column":14},"end":{"line":11,"column":17}},"5":{"start":{"line":12,"column":2},"end":{"line":12,"column":12}},"6":{"start":{"line":14,"column":0},"end":{"line":14,"column":23}}},"fnMap":{"0":{"name":"(anonymous_0)","decl":{"start":{"line":8,"column":15},"end":{"line":8,"column":16}},"loc":{"start":{"line":8,"column":30},"end":{"line":13,"column":1}},"line":8}},"branchMap":{},"s":{"0":1,"1":1,"2":1,"3":1,"4":0,"5":0,"6":1},"f":{"0":0},"b":{},"_coverageSchema":"1a1c01bbd47fc00a2c39e90264f33305004495a9","hash":"43af7fc5465002bd119a3f1646ff98c65b3c6170"}
}
